# JRE version: OpenJDK Runtime Environment (8.0_242-b01) (build 1.8.0_242-release-1644-b01)
# Java VM: OpenJDK 64-Bit Server VM (25.242-b01 mixed mode windows-amd64 compressed oops)
Heap:
 PSYoungGen      total 376320K, used 71906K [0x00000000d5580000, 0x00000000f4b00000, 0x0000000100000000)
  eden space 353280K, 13% used [0x00000000d5580000,0x00000000d85400b8,0x00000000eae80000)
  from space 23040K, 99% used [0x00000000ed300000,0x00000000ee978920,0x00000000ee980000)
  to   space 37376K, 0% used [0x00000000eae80000,0x00000000eae80000,0x00000000ed300000)
 ParOldGen       total 177152K, used 51545K [0x0000000080000000, 0x000000008ad00000, 0x00000000d5580000)
  object space 177152K, 29% used [0x0000000080000000,0x0000000083256598,0x000000008ad00000)
 Metaspace       used 90171K, capacity 95930K, committed 96176K, reserved 1132544K
  class space    used 12152K, capacity 13198K, committed 13232K, reserved 1048576K
GC Heap History (10 events):
Event: 3.457 GC heap before
{Heap before GC invocations=9 (full 2):
 PSYoungGen      total 241152K, used 229888K [0x00000000d5580000, 0x00000000e5300000, 0x0000000100000000)
  eden space 229888K, 100% used [0x00000000d5580000,0x00000000e3600000,0x00000000e3600000)
  from space 11264K, 0% used [0x00000000e4800000,0x00000000e4800000,0x00000000e5300000)
  to   space 14848K, 0% used [0x00000000e3600000,0x00000000e3600000,0x00000000e4480000)
 ParOldGen       total 122368K, used 15914K [0x0000000080000000, 0x0000000087780000, 0x00000000d5580000)
  object space 122368K, 13% used [0x0000000080000000,0x0000000080f8a880,0x0000000087780000)
 Metaspace       used 53745K, capacity 55704K, committed 55984K, reserved 1097728K
  class space    used 7309K, capacity 7753K, committed 7856K, reserved 1048576K
Event: 3.470 GC heap after
Heap after GC invocations=9 (full 2):
 PSYoungGen      total 244736K, used 14824K [0x00000000d5580000, 0x00000000ee980000, 0x0000000100000000)
  eden space 229888K, 0% used [0x00000000d5580000,0x00000000d5580000,0x00000000e3600000)
  from space 14848K, 99% used [0x00000000e3600000,0x00000000e447a248,0x00000000e4480000)
  to   space 23040K, 0% used [0x00000000ed300000,0x00000000ed300000,0x00000000ee980000)
 ParOldGen       total 122368K, used 28235K [0x0000000080000000, 0x0000000087780000, 0x00000000d5580000)
  object space 122368K, 23% used [0x0000000080000000,0x0000000081b92cd8,0x0000000087780000)
 Metaspace       used 53745K, capacity 55704K, committed 55984K, reserved 1097728K
  class space    used 7309K, capacity 7753K, committed 7856K, reserved 1048576K
}
Event: 3.673 GC heap before
{Heap before GC invocations=10 (full 2):
 PSYoungGen      total 244736K, used 58659K [0x00000000d5580000, 0x00000000ee980000, 0x0000000100000000)
  eden space 229888K, 19% used [0x00000000d5580000,0x00000000d804ea68,0x00000000e3600000)
  from space 14848K, 99% used [0x00000000e3600000,0x00000000e447a248,0x00000000e4480000)
  to   space 23040K, 0% used [0x00000000ed300000,0x00000000ed300000,0x00000000ee980000)
 ParOldGen       total 122368K, used 28235K [0x0000000080000000, 0x0000000087780000, 0x00000000d5580000)
  object space 122368K, 23% used [0x0000000080000000,0x0000000081b92cd8,0x0000000087780000)
 Metaspace       used 56975K, capacity 58994K, committed 59160K, reserved 1099776K
  class space    used 7810K, capacity 8264K, committed 8368K, reserved 1048576K
Event: 3.680 GC heap after
Heap after GC invocations=10 (full 2):
 PSYoungGen      total 389632K, used 18153K [0x00000000d5580000, 0x00000000eeb80000, 0x0000000100000000)
  eden space 366592K, 0% used [0x00000000d5580000,0x00000000d5580000,0x00000000ebb80000)
  from space 23040K, 78% used [0x00000000ed300000,0x00000000ee4ba4e0,0x00000000ee980000)
  to   space 24064K, 0% used [0x00000000ebb80000,0x00000000ebb80000,0x00000000ed300000)
 ParOldGen       total 122368K, used 28243K [0x0000000080000000, 0x0000000087780000, 0x00000000d5580000)
  object space 122368K, 23% used [0x0000000080000000,0x0000000081b94cd8,0x0000000087780000)
 Metaspace       used 56975K, capacity 58994K, committed 59160K, reserved 1099776K
  class space    used 7810K, capacity 8264K, committed 8368K, reserved 1048576K
}
Event: 3.680 GC heap before
{Heap before GC invocations=11 (full 3):
 PSYoungGen      total 389632K, used 18153K [0x00000000d5580000, 0x00000000eeb80000, 0x0000000100000000)
  eden space 366592K, 0% used [0x00000000d5580000,0x00000000d5580000,0x00000000ebb80000)
  from space 23040K, 78% used [0x00000000ed300000,0x00000000ee4ba4e0,0x00000000ee980000)
  to   space 24064K, 0% used [0x00000000ebb80000,0x00000000ebb80000,0x00000000ed300000)
 ParOldGen       total 122368K, used 28243K [0x0000000080000000, 0x0000000087780000, 0x00000000d5580000)
  object space 122368K, 23% used [0x0000000080000000,0x0000000081b94cd8,0x0000000087780000)
 Metaspace       used 56975K, capacity 58994K, committed 59160K, reserved 1099776K
  class space    used 7810K, capacity 8264K, committed 8368K, reserved 1048576K
Event: 3.818 GC heap after
Heap after GC invocations=11 (full 3):
 PSYoungGen      total 389632K, used 0K [0x00000000d5580000, 0x00000000eeb80000, 0x0000000100000000)
  eden space 366592K, 0% used [0x00000000d5580000,0x00000000d5580000,0x00000000ebb80000)
  from space 23040K, 0% used [0x00000000ed300000,0x00000000ed300000,0x00000000ee980000)
  to   space 24064K, 0% used [0x00000000ebb80000,0x00000000ebb80000,0x00000000ed300000)
 ParOldGen       total 177152K, used 30373K [0x0000000080000000, 0x000000008ad00000, 0x00000000d5580000)
  object space 177152K, 17% used [0x0000000080000000,0x0000000081da9740,0x000000008ad00000)
 Metaspace       used 56933K, capacity 58850K, committed 59160K, reserved 1099776K
  class space    used 7797K, capacity 8240K, committed 8368K, reserved 1048576K
}
Event: 6.111 GC heap before
{Heap before GC invocations=12 (full 3):
 PSYoungGen      total 389632K, used 366592K [0x00000000d5580000, 0x00000000eeb80000, 0x0000000100000000)
  eden space 366592K, 100% used [0x00000000d5580000,0x00000000ebb80000,0x00000000ebb80000)
  from space 23040K, 0% used [0x00000000ed300000,0x00000000ed300000,0x00000000ee980000)
  to   space 24064K, 0% used [0x00000000ebb80000,0x00000000ebb80000,0x00000000ed300000)
 ParOldGen       total 177152K, used 30373K [0x0000000080000000, 0x000000008ad00000, 0x00000000d5580000)
  object space 177152K, 17% used [0x0000000080000000,0x0000000081da9740,0x000000008ad00000)
 Metaspace       used 77876K, capacity 82606K, committed 82864K, reserved 1120256K
  class space    used 10772K, capacity 11626K, committed 11696K, reserved 1048576K
Event: 6.129 GC heap after
Heap after GC invocations=12 (full 3):
 PSYoungGen      total 390656K, used 24059K [0x00000000d5580000, 0x00000000eeb80000, 0x0000000100000000)
  eden space 366592K, 0% used [0x00000000d5580000,0x00000000d5580000,0x00000000ebb80000)
  from space 24064K, 99% used [0x00000000ebb80000,0x00000000ed2fed60,0x00000000ed300000)
  to   space 23040K, 0% used [0x00000000ed300000,0x00000000ed300000,0x00000000ee980000)
 ParOldGen       total 177152K, used 38215K [0x0000000080000000, 0x000000008ad00000, 0x00000000d5580000)
  object space 177152K, 21% used [0x0000000080000000,0x0000000082551d40,0x000000008ad00000)
 Metaspace       used 77876K, capacity 82606K, committed 82864K, reserved 1120256K
  class space    used 10772K, capacity 11626K, committed 11696K, reserved 1048576K
}
Event: 139.831 GC heap before
{Heap before GC invocations=13 (full 3):
 PSYoungGen      total 390656K, used 390651K [0x00000000d5580000, 0x00000000eeb80000, 0x0000000100000000)
  eden space 366592K, 100% used [0x00000000d5580000,0x00000000ebb80000,0x00000000ebb80000)
  from space 24064K, 99% used [0x00000000ebb80000,0x00000000ed2fed60,0x00000000ed300000)
  to   space 23040K, 0% used [0x00000000ed300000,0x00000000ed300000,0x00000000ee980000)
 ParOldGen       total 177152K, used 38215K [0x0000000080000000, 0x000000008ad00000, 0x00000000d5580000)
  object space 177152K, 21% used [0x0000000080000000,0x0000000082551d40,0x000000008ad00000)
 Metaspace       used 89859K, capacity 95654K, committed 95920K, reserved 1132544K
  class space    used 12152K, capacity 13198K, committed 13232K, reserved 1048576K
Event: 139.847 GC heap after
Heap after GC invocations=13 (full 3):
 PSYoungGen      total 376320K, used 23010K [0x00000000d5580000, 0x00000000f4b00000, 0x0000000100000000)
  eden space 353280K, 0% used [0x00000000d5580000,0x00000000d5580000,0x00000000eae80000)
  from space 23040K, 99% used [0x00000000ed300000,0x00000000ee978920,0x00000000ee980000)
  to   space 37376K, 0% used [0x00000000eae80000,0x00000000eae80000,0x00000000ed300000)
 ParOldGen       total 177152K, used 51545K [0x0000000080000000, 0x000000008ad00000, 0x00000000d5580000)
  object space 177152K, 29% used [0x0000000080000000,0x0000000083256598,0x000000008ad00000)
 Metaspace       used 89859K, capacity 95654K, committed 95920K, reserved 1132544K
  class space    used 12152K, capacity 13198K, committed 13232K, reserved 1048576K
}

