# JRE version: OpenJDK Runtime Environment (8.0_242-b01) (build 1.8.0_242-release-1644-b01)
# Java VM: OpenJDK 64-Bit Server VM (25.242-b01 mixed mode windows-amd64 compressed oops)
Heap:
 PSYoungGen      total 396288K, used 317349K [0x00000000d5580000, 0x00000000f5180000, 0x0000000100000000)
  eden space 371712K, 78% used [0x00000000d5580000,0x00000000e736a578,0x00000000ec080000)
  from space 24576K, 99% used [0x00000000ec080000,0x00000000ed87f068,0x00000000ed880000)
  to   space 29184K, 0% used [0x00000000f3500000,0x00000000f3500000,0x00000000f5180000)
 ParOldGen       total 175104K, used 34652K [0x0000000080000000, 0x000000008ab00000, 0x00000000d5580000)
  object space 175104K, 19% used [0x0000000080000000,0x00000000821d73f0,0x000000008ab00000)
 Metaspace       used 89431K, capacity 95236K, committed 95408K, reserved 1132544K
  class space    used 12159K, capacity 13215K, committed 13232K, reserved 1048576K
GC Heap History (10 events):
Event: 2.150 GC heap before
{Heap before GC invocations=8 (full 2):
 PSYoungGen      total 241152K, used 9060K [0x00000000d5580000, 0x00000000e5300000, 0x0000000100000000)
  eden space 229888K, 0% used [0x00000000d5580000,0x00000000d5580000,0x00000000e3600000)
  from space 11264K, 80% used [0x00000000e4800000,0x00000000e50d9380,0x00000000e5300000)
  to   space 14848K, 0% used [0x00000000e3600000,0x00000000e3600000,0x00000000e4480000)
 ParOldGen       total 86016K, used 9792K [0x0000000080000000, 0x0000000085400000, 0x00000000d5580000)
  object space 86016K, 11% used [0x0000000080000000,0x0000000080990068,0x0000000085400000)
 Metaspace       used 34571K, capacity 35406K, committed 35496K, reserved 1079296K
  class space    used 4741K, capacity 4974K, committed 5040K, reserved 1048576K
Event: 2.173 GC heap after
Heap after GC invocations=8 (full 2):
 PSYoungGen      total 241152K, used 0K [0x00000000d5580000, 0x00000000e5300000, 0x0000000100000000)
  eden space 229888K, 0% used [0x00000000d5580000,0x00000000d5580000,0x00000000e3600000)
  from space 11264K, 0% used [0x00000000e4800000,0x00000000e4800000,0x00000000e5300000)
  to   space 14848K, 0% used [0x00000000e3600000,0x00000000e3600000,0x00000000e4480000)
 ParOldGen       total 120832K, used 15833K [0x0000000080000000, 0x0000000087600000, 0x00000000d5580000)
  object space 120832K, 13% used [0x0000000080000000,0x0000000080f76748,0x0000000087600000)
 Metaspace       used 34571K, capacity 35406K, committed 35496K, reserved 1079296K
  class space    used 4741K, capacity 4974K, committed 5040K, reserved 1048576K
}
Event: 3.407 GC heap before
{Heap before GC invocations=9 (full 2):
 PSYoungGen      total 241152K, used 229888K [0x00000000d5580000, 0x00000000e5300000, 0x0000000100000000)
  eden space 229888K, 100% used [0x00000000d5580000,0x00000000e3600000,0x00000000e3600000)
  from space 11264K, 0% used [0x00000000e4800000,0x00000000e4800000,0x00000000e5300000)
  to   space 14848K, 0% used [0x00000000e3600000,0x00000000e3600000,0x00000000e4480000)
 ParOldGen       total 120832K, used 15833K [0x0000000080000000, 0x0000000087600000, 0x00000000d5580000)
  object space 120832K, 13% used [0x0000000080000000,0x0000000080f76748,0x0000000087600000)
 Metaspace       used 53507K, capacity 55460K, committed 55600K, reserved 1097728K
  class space    used 7277K, capacity 7719K, committed 7728K, reserved 1048576K
Event: 3.420 GC heap after
Heap after GC invocations=9 (full 2):
 PSYoungGen      total 244736K, used 14843K [0x00000000d5580000, 0x00000000eef00000, 0x0000000100000000)
  eden space 229888K, 0% used [0x00000000d5580000,0x00000000d5580000,0x00000000e3600000)
  from space 14848K, 99% used [0x00000000e3600000,0x00000000e447efc0,0x00000000e4480000)
  to   space 23040K, 0% used [0x00000000ed880000,0x00000000ed880000,0x00000000eef00000)
 ParOldGen       total 120832K, used 27743K [0x0000000080000000, 0x0000000087600000, 0x00000000d5580000)
  object space 120832K, 22% used [0x0000000080000000,0x0000000081b17c50,0x0000000087600000)
 Metaspace       used 53507K, capacity 55460K, committed 55600K, reserved 1097728K
  class space    used 7277K, capacity 7719K, committed 7728K, reserved 1048576K
}
Event: 3.671 GC heap before
{Heap before GC invocations=10 (full 2):
 PSYoungGen      total 244736K, used 69035K [0x00000000d5580000, 0x00000000eef00000, 0x0000000100000000)
  eden space 229888K, 23% used [0x00000000d5580000,0x00000000d8a6bc48,0x00000000e3600000)
  from space 14848K, 99% used [0x00000000e3600000,0x00000000e447efc0,0x00000000e4480000)
  to   space 23040K, 0% used [0x00000000ed880000,0x00000000ed880000,0x00000000eef00000)
 ParOldGen       total 120832K, used 27743K [0x0000000080000000, 0x0000000087600000, 0x00000000d5580000)
  object space 120832K, 22% used [0x0000000080000000,0x0000000081b17c50,0x0000000087600000)
 Metaspace       used 57013K, capacity 59082K, committed 59160K, reserved 1099776K
  class space    used 7837K, capacity 8306K, committed 8368K, reserved 1048576K
Event: 3.679 GC heap after
Heap after GC invocations=10 (full 2):
 PSYoungGen      total 394752K, used 18654K [0x00000000d5580000, 0x00000000ef100000, 0x0000000100000000)
  eden space 371712K, 0% used [0x00000000d5580000,0x00000000d5580000,0x00000000ec080000)
  from space 23040K, 80% used [0x00000000ed880000,0x00000000eeab7ba8,0x00000000eef00000)
  to   space 24576K, 0% used [0x00000000ec080000,0x00000000ec080000,0x00000000ed880000)
 ParOldGen       total 120832K, used 27751K [0x0000000080000000, 0x0000000087600000, 0x00000000d5580000)
  object space 120832K, 22% used [0x0000000080000000,0x0000000081b19c50,0x0000000087600000)
 Metaspace       used 57013K, capacity 59082K, committed 59160K, reserved 1099776K
  class space    used 7837K, capacity 8306K, committed 8368K, reserved 1048576K
}
Event: 3.679 GC heap before
{Heap before GC invocations=11 (full 3):
 PSYoungGen      total 394752K, used 18654K [0x00000000d5580000, 0x00000000ef100000, 0x0000000100000000)
  eden space 371712K, 0% used [0x00000000d5580000,0x00000000d5580000,0x00000000ec080000)
  from space 23040K, 80% used [0x00000000ed880000,0x00000000eeab7ba8,0x00000000eef00000)
  to   space 24576K, 0% used [0x00000000ec080000,0x00000000ec080000,0x00000000ed880000)
 ParOldGen       total 120832K, used 27751K [0x0000000080000000, 0x0000000087600000, 0x00000000d5580000)
  object space 120832K, 22% used [0x0000000080000000,0x0000000081b19c50,0x0000000087600000)
 Metaspace       used 57013K, capacity 59082K, committed 59160K, reserved 1099776K
  class space    used 7837K, capacity 8306K, committed 8368K, reserved 1048576K
Event: 3.813 GC heap after
Heap after GC invocations=11 (full 3):
 PSYoungGen      total 394752K, used 0K [0x00000000d5580000, 0x00000000ef100000, 0x0000000100000000)
  eden space 371712K, 0% used [0x00000000d5580000,0x00000000d5580000,0x00000000ec080000)
  from space 23040K, 0% used [0x00000000ed880000,0x00000000ed880000,0x00000000eef00000)
  to   space 24576K, 0% used [0x00000000ec080000,0x00000000ec080000,0x00000000ed880000)
 ParOldGen       total 175104K, used 30975K [0x0000000080000000, 0x000000008ab00000, 0x00000000d5580000)
  object space 175104K, 17% used [0x0000000080000000,0x0000000081e3ff50,0x000000008ab00000)
 Metaspace       used 56971K, capacity 58938K, committed 59160K, reserved 1099776K
  class space    used 7824K, capacity 8282K, committed 8368K, reserved 1048576K
}
Event: 5.988 GC heap before
{Heap before GC invocations=12 (full 3):
 PSYoungGen      total 394752K, used 371712K [0x00000000d5580000, 0x00000000ef100000, 0x0000000100000000)
  eden space 371712K, 100% used [0x00000000d5580000,0x00000000ec080000,0x00000000ec080000)
  from space 23040K, 0% used [0x00000000ed880000,0x00000000ed880000,0x00000000eef00000)
  to   space 24576K, 0% used [0x00000000ec080000,0x00000000ec080000,0x00000000ed880000)
 ParOldGen       total 175104K, used 30975K [0x0000000080000000, 0x000000008ab00000, 0x00000000d5580000)
  object space 175104K, 17% used [0x0000000080000000,0x0000000081e3ff50,0x000000008ab00000)
 Metaspace       used 74543K, capacity 79160K, committed 79408K, reserved 1118208K
  class space    used 10208K, capacity 11049K, committed 11056K, reserved 1048576K
Event: 6.006 GC heap after
Heap after GC invocations=12 (full 3):
 PSYoungGen      total 396288K, used 24572K [0x00000000d5580000, 0x00000000f5180000, 0x0000000100000000)
  eden space 371712K, 0% used [0x00000000d5580000,0x00000000d5580000,0x00000000ec080000)
  from space 24576K, 99% used [0x00000000ec080000,0x00000000ed87f068,0x00000000ed880000)
  to   space 29184K, 0% used [0x00000000f3500000,0x00000000f3500000,0x00000000f5180000)
 ParOldGen       total 175104K, used 34652K [0x0000000080000000, 0x000000008ab00000, 0x00000000d5580000)
  object space 175104K, 19% used [0x0000000080000000,0x00000000821d73f0,0x000000008ab00000)
 Metaspace       used 74543K, capacity 79160K, committed 79408K, reserved 1118208K
  class space    used 10208K, capacity 11049K, committed 11056K, reserved 1048576K
}

